info it worked if it ends with ok
verbose cli [ 'node', '/usr/bin/npm', 'install', '-g', 'bower' ]
info using npm@1.1.4
info using node@v0.6.12
verbose config file /home/likewise-open/ADMIN/dburke/.npmrc
verbose config file /usr/etc/npmrc
verbose config file /usr/share/npm/npmrc
verbose cache add [ 'bower', null ]
silly cache add: name, spec, args [ undefined, 'bower', [ 'bower', null ] ]
verbose parsed url { pathname: 'bower', path: 'bower', href: 'bower' }
verbose addNamed [ 'bower', '' ]
verbose addNamed [ null, '' ]
silly name, range, hasData [ 'bower', '', false ]
verbose raw, before any munging bower
verbose url resolving [ 'https://registry.npmjs.org/', './bower' ]
verbose url resolved https://registry.npmjs.org/bower
http GET https://registry.npmjs.org/bower
http 200 https://registry.npmjs.org/bower
silly get cb [ 200,
silly get cb   { vary: 'Accept',
silly get cb     server: 'CouchDB/1.3.1 (Erlang OTP/R15B03)',
silly get cb     etag: '"2WLEHNYC7V6RC9ETV0EQJNMUO"',
silly get cb     date: 'Thu, 03 Oct 2013 21:38:01 GMT',
silly get cb     'content-type': 'application/json',
silly get cb     'content-length': '639936' } ]
verbose mkdir (expected) error ENOENT, no such file or directory '/home/likewise-open/ADMIN/dburke/.npm/bower'
verbose mkdir done: /home/likewise-open/ADMIN/dburke/.npm/bower 755
silly name, range, hasData 2 [ 'bower', '', true ]
silly versions [ 'bower', [] ]
ERR! Error: No compatible version found: bower
ERR! No valid targets found.
ERR! Perhaps not compatible with your version of node?
ERR!     at installTargetsError (/usr/share/npm/lib/cache.js:488:10)
ERR!     at next_ (/usr/share/npm/lib/cache.js:438:17)
ERR!     at next (/usr/share/npm/lib/cache.js:415:44)
ERR!     at /usr/share/npm/lib/cache.js:408:5
ERR!     at saved (/usr/share/npm/lib/utils/npm-registry-client/get.js:147:7)
ERR!     at Object.oncomplete (/usr/lib/nodejs/graceful-fs.js:230:7)
ERR! You may report this log at:
ERR!     <http://bugs.debian.org/npm>
ERR! or use
ERR!     reportbug --attach /home/likewise-open/ADMIN/dburke/Dropbox/Projects/django-sis/components/npm-debug.log npm
ERR! 
ERR! System Linux 3.2.0-54-generic-pae
ERR! command "node" "/usr/bin/npm" "install" "-g" "bower"
ERR! cwd /home/likewise-open/ADMIN/dburke/Dropbox/Projects/django-sis/components
ERR! node -v v0.6.12
ERR! npm -v 1.1.4
ERR! message No compatible version found: bower
ERR! message No valid targets found.
ERR! message Perhaps not compatible with your version of node?
verbose exit [ 1, true ]
